[0.018s] Invoking command in '/home/sukhvansh/Desktop/URC/build/mars_rover': /usr/bin/cmake /home/sukhvansh/Desktop/URC/src/mars_rover -DCATKIN_INSTALL_INTO_PREFIX_ROOT=0 -DCMAKE_INSTALL_PREFIX=/home/sukhvansh/Desktop/URC/install/mars_rover
[0.042s] [0mCMake Deprecation Warning at CMakeLists.txt:1 (cmake_minimum_required):
[0.042s]   Compatibility with CMake < 2.8.12 will be removed from a future version of
[0.042s]   CMake.
[0.042s] 
[0.042s]   Update the VERSION argument <min> value or use a ...<max> suffix to tell
[0.042s]   CMake that the project does not need compatibility with older versions.
[0.042s] 
[0.042s] [0m
[0.151s] -- The C compiler identification is GNU 11.4.0
[0.237s] -- The CXX compiler identification is GNU 11.4.0
[0.246s] -- Detecting C compiler ABI info
[0.292s] -- Detecting C compiler ABI info - done
[0.297s] -- Check for working C compiler: /usr/bin/cc - skipped
[0.298s] -- Detecting C compile features
[0.298s] -- Detecting C compile features - done
[0.301s] -- Detecting CXX compiler ABI info
[0.351s] -- Detecting CXX compiler ABI info - done
[0.356s] -- Check for working CXX compiler: /usr/bin/c++ - skipped
[0.356s] -- Detecting CXX compile features
[0.357s] -- Detecting CXX compile features - done
[0.369s] [31mCMake Error at CMakeLists.txt:5 (find_package):
[0.370s]   By not providing "Findcatkin.cmake" in CMAKE_MODULE_PATH this project has
[0.370s]   asked CMake to find a package configuration file provided by "catkin", but
[0.370s]   CMake did not find one.
[0.370s] 
[0.370s]   Could not find a package configuration file provided by "catkin" with any
[0.370s]   of the following names:
[0.370s] 
[0.370s]     catkinConfig.cmake
[0.370s]     catkin-config.cmake
[0.370s] 
[0.370s]   Add the installation prefix of "catkin" to CMAKE_PREFIX_PATH or set
[0.370s]   "catkin_DIR" to a directory containing one of the above files.  If "catkin"
[0.370s]   provides a separate development package or SDK, be sure it has been
[0.370s]   installed.
[0.370s] 
[0.370s] [0m
[0.372s] -- Configuring incomplete, errors occurred!
[0.372s] See also "/home/sukhvansh/Desktop/URC/build/mars_rover/CMakeFiles/CMakeOutput.log".
[0.374s] Invoked command in '/home/sukhvansh/Desktop/URC/build/mars_rover' returned '1': /usr/bin/cmake /home/sukhvansh/Desktop/URC/src/mars_rover -DCATKIN_INSTALL_INTO_PREFIX_ROOT=0 -DCMAKE_INSTALL_PREFIX=/home/sukhvansh/Desktop/URC/install/mars_rover
