[0.172s] DEBUG:colcon:Command line arguments: ['/usr/bin/colcon', 'build']
[0.172s] DEBUG:colcon:Parsed command line arguments: Namespace(log_base=None, log_level=None, verb_name='build', build_base='build', install_base='install', merge_install=False, symlink_install=False, test_result_base=None, continue_on_error=False, executor='parallel', parallel_workers=20, event_handlers=None, ignore_user_meta=False, metas=['./colcon.meta'], base_paths=['.'], packages_ignore=None, packages_ignore_regex=None, paths=None, packages_up_to=None, packages_up_to_regex=None, packages_above=None, packages_above_and_dependencies=None, packages_above_depth=None, packages_select_by_dep=None, packages_skip_by_dep=None, packages_skip_up_to=None, packages_select_build_failed=False, packages_skip_build_finished=False, packages_select_test_failures=False, packages_skip_test_passed=False, packages_select=None, packages_skip=None, packages_select_regex=None, packages_skip_regex=None, packages_start=None, packages_end=None, allow_overriding=[], cmake_args=None, cmake_target=None, cmake_target_skip_unavailable=False, cmake_clean_cache=False, cmake_clean_first=False, cmake_force_configure=False, ament_cmake_args=None, catkin_cmake_args=None, catkin_skip_building_tests=False, verb_parser=<colcon_defaults.argument_parser.defaults.DefaultArgumentsDecorator object at 0x7f60bab208e0>, verb_extension=<colcon_core.verb.build.BuildVerb object at 0x7f60badcd240>, main=<bound method BuildVerb.main of <colcon_core.verb.build.BuildVerb object at 0x7f60badcd240>>)
[0.196s] Level 1:colcon.colcon_core.package_discovery:discover_packages(colcon_meta) check parameters
[0.196s] Level 1:colcon.colcon_core.package_discovery:discover_packages(recursive) check parameters
[0.196s] Level 1:colcon.colcon_core.package_discovery:discover_packages(ignore) check parameters
[0.196s] Level 1:colcon.colcon_core.package_discovery:discover_packages(path) check parameters
[0.196s] Level 1:colcon.colcon_core.package_discovery:discover_packages(colcon_meta) discover
[0.196s] Level 1:colcon.colcon_core.package_discovery:discover_packages(recursive) discover
[0.196s] INFO:colcon.colcon_core.package_discovery:Crawling recursively for packages in '/home/sukhvansh/Desktop/URC'
[0.196s] Level 1:colcon.colcon_core.package_identification:_identify(.) by extensions ['ignore', 'ignore_ament_install']
[0.196s] Level 1:colcon.colcon_core.package_identification:_identify(.) by extension 'ignore'
[0.196s] Level 1:colcon.colcon_core.package_identification:_identify(.) by extension 'ignore_ament_install'
[0.196s] Level 1:colcon.colcon_core.package_identification:_identify(.) by extensions ['colcon_pkg']
[0.196s] Level 1:colcon.colcon_core.package_identification:_identify(.) by extension 'colcon_pkg'
[0.196s] Level 1:colcon.colcon_core.package_identification:_identify(.) by extensions ['colcon_meta']
[0.196s] Level 1:colcon.colcon_core.package_identification:_identify(.) by extension 'colcon_meta'
[0.196s] Level 1:colcon.colcon_core.package_identification:_identify(.) by extensions ['ros']
[0.196s] Level 1:colcon.colcon_core.package_identification:_identify(.) by extension 'ros'
[0.202s] Level 1:colcon.colcon_core.package_identification:_identify(.) by extensions ['cmake', 'python']
[0.202s] Level 1:colcon.colcon_core.package_identification:_identify(.) by extension 'cmake'
[0.203s] Level 1:colcon.colcon_core.package_identification:_identify(.) by extension 'python'
[0.203s] Level 1:colcon.colcon_core.package_identification:_identify(.) by extensions ['python_setup_py']
[0.203s] Level 1:colcon.colcon_core.package_identification:_identify(.) by extension 'python_setup_py'
[0.203s] Level 1:colcon.colcon_core.package_identification:_identify(build) by extensions ['ignore', 'ignore_ament_install']
[0.203s] Level 1:colcon.colcon_core.package_identification:_identify(build) by extension 'ignore'
[0.203s] Level 1:colcon.colcon_core.package_identification:_identify(build) ignored
[0.203s] Level 1:colcon.colcon_core.package_identification:_identify(install) by extensions ['ignore', 'ignore_ament_install']
[0.203s] Level 1:colcon.colcon_core.package_identification:_identify(install) by extension 'ignore'
[0.203s] Level 1:colcon.colcon_core.package_identification:_identify(install) ignored
[0.203s] Level 1:colcon.colcon_core.package_identification:_identify(log) by extensions ['ignore', 'ignore_ament_install']
[0.203s] Level 1:colcon.colcon_core.package_identification:_identify(log) by extension 'ignore'
[0.203s] Level 1:colcon.colcon_core.package_identification:_identify(log) ignored
[0.203s] Level 1:colcon.colcon_core.package_identification:_identify(src) by extensions ['ignore', 'ignore_ament_install']
[0.203s] Level 1:colcon.colcon_core.package_identification:_identify(src) by extension 'ignore'
[0.203s] Level 1:colcon.colcon_core.package_identification:_identify(src) by extension 'ignore_ament_install'
[0.203s] Level 1:colcon.colcon_core.package_identification:_identify(src) by extensions ['colcon_pkg']
[0.203s] Level 1:colcon.colcon_core.package_identification:_identify(src) by extension 'colcon_pkg'
[0.203s] Level 1:colcon.colcon_core.package_identification:_identify(src) by extensions ['colcon_meta']
[0.203s] Level 1:colcon.colcon_core.package_identification:_identify(src) by extension 'colcon_meta'
[0.203s] Level 1:colcon.colcon_core.package_identification:_identify(src) by extensions ['ros']
[0.203s] Level 1:colcon.colcon_core.package_identification:_identify(src) by extension 'ros'
[0.203s] Level 1:colcon.colcon_core.package_identification:_identify(src) by extensions ['cmake', 'python']
[0.203s] Level 1:colcon.colcon_core.package_identification:_identify(src) by extension 'cmake'
[0.203s] Level 1:colcon.colcon_core.package_identification:_identify(src) by extension 'python'
[0.203s] Level 1:colcon.colcon_core.package_identification:_identify(src) by extensions ['python_setup_py']
[0.203s] Level 1:colcon.colcon_core.package_identification:_identify(src) by extension 'python_setup_py'
[0.203s] Level 1:colcon.colcon_core.package_identification:_identify(src/arm_teleop) by extensions ['ignore', 'ignore_ament_install']
[0.203s] Level 1:colcon.colcon_core.package_identification:_identify(src/arm_teleop) by extension 'ignore'
[0.203s] Level 1:colcon.colcon_core.package_identification:_identify(src/arm_teleop) by extension 'ignore_ament_install'
[0.203s] Level 1:colcon.colcon_core.package_identification:_identify(src/arm_teleop) by extensions ['colcon_pkg']
[0.203s] Level 1:colcon.colcon_core.package_identification:_identify(src/arm_teleop) by extension 'colcon_pkg'
[0.203s] Level 1:colcon.colcon_core.package_identification:_identify(src/arm_teleop) by extensions ['colcon_meta']
[0.203s] Level 1:colcon.colcon_core.package_identification:_identify(src/arm_teleop) by extension 'colcon_meta'
[0.203s] Level 1:colcon.colcon_core.package_identification:_identify(src/arm_teleop) by extensions ['ros']
[0.203s] Level 1:colcon.colcon_core.package_identification:_identify(src/arm_teleop) by extension 'ros'
[0.205s] DEBUG:colcon.colcon_core.package_identification:Package 'src/arm_teleop' with type 'ros.catkin' and name 'arm_teleop'
[0.205s] Level 1:colcon.colcon_core.package_identification:_identify(src/images) by extensions ['ignore', 'ignore_ament_install']
[0.205s] Level 1:colcon.colcon_core.package_identification:_identify(src/images) by extension 'ignore'
[0.205s] Level 1:colcon.colcon_core.package_identification:_identify(src/images) by extension 'ignore_ament_install'
[0.205s] Level 1:colcon.colcon_core.package_identification:_identify(src/images) by extensions ['colcon_pkg']
[0.205s] Level 1:colcon.colcon_core.package_identification:_identify(src/images) by extension 'colcon_pkg'
[0.205s] Level 1:colcon.colcon_core.package_identification:_identify(src/images) by extensions ['colcon_meta']
[0.205s] Level 1:colcon.colcon_core.package_identification:_identify(src/images) by extension 'colcon_meta'
[0.205s] Level 1:colcon.colcon_core.package_identification:_identify(src/images) by extensions ['ros']
[0.205s] Level 1:colcon.colcon_core.package_identification:_identify(src/images) by extension 'ros'
[0.205s] Level 1:colcon.colcon_core.package_identification:_identify(src/images) by extensions ['cmake', 'python']
[0.206s] Level 1:colcon.colcon_core.package_identification:_identify(src/images) by extension 'cmake'
[0.206s] Level 1:colcon.colcon_core.package_identification:_identify(src/images) by extension 'python'
[0.206s] Level 1:colcon.colcon_core.package_identification:_identify(src/images) by extensions ['python_setup_py']
[0.206s] Level 1:colcon.colcon_core.package_identification:_identify(src/images) by extension 'python_setup_py'
[0.206s] Level 1:colcon.colcon_core.package_identification:_identify(src/mars_rover) by extensions ['ignore', 'ignore_ament_install']
[0.206s] Level 1:colcon.colcon_core.package_identification:_identify(src/mars_rover) by extension 'ignore'
[0.206s] Level 1:colcon.colcon_core.package_identification:_identify(src/mars_rover) by extension 'ignore_ament_install'
[0.206s] Level 1:colcon.colcon_core.package_identification:_identify(src/mars_rover) by extensions ['colcon_pkg']
[0.206s] Level 1:colcon.colcon_core.package_identification:_identify(src/mars_rover) by extension 'colcon_pkg'
[0.206s] Level 1:colcon.colcon_core.package_identification:_identify(src/mars_rover) by extensions ['colcon_meta']
[0.206s] Level 1:colcon.colcon_core.package_identification:_identify(src/mars_rover) by extension 'colcon_meta'
[0.206s] Level 1:colcon.colcon_core.package_identification:_identify(src/mars_rover) by extensions ['ros']
[0.206s] Level 1:colcon.colcon_core.package_identification:_identify(src/mars_rover) by extension 'ros'
[0.206s] DEBUG:colcon.colcon_core.package_identification:Package 'src/mars_rover' with type 'ros.catkin' and name 'mars_rover'
[0.206s] Level 1:colcon.colcon_core.package_identification:_identify(src/realsense_gazebo_plugin) by extensions ['ignore', 'ignore_ament_install']
[0.206s] Level 1:colcon.colcon_core.package_identification:_identify(src/realsense_gazebo_plugin) by extension 'ignore'
[0.206s] Level 1:colcon.colcon_core.package_identification:_identify(src/realsense_gazebo_plugin) by extension 'ignore_ament_install'
[0.206s] Level 1:colcon.colcon_core.package_identification:_identify(src/realsense_gazebo_plugin) by extensions ['colcon_pkg']
[0.206s] Level 1:colcon.colcon_core.package_identification:_identify(src/realsense_gazebo_plugin) by extension 'colcon_pkg'
[0.206s] Level 1:colcon.colcon_core.package_identification:_identify(src/realsense_gazebo_plugin) by extensions ['colcon_meta']
[0.206s] Level 1:colcon.colcon_core.package_identification:_identify(src/realsense_gazebo_plugin) by extension 'colcon_meta'
[0.206s] Level 1:colcon.colcon_core.package_identification:_identify(src/realsense_gazebo_plugin) by extensions ['ros']
[0.206s] Level 1:colcon.colcon_core.package_identification:_identify(src/realsense_gazebo_plugin) by extension 'ros'
[0.207s] DEBUG:colcon.colcon_core.package_identification:Package 'src/realsense_gazebo_plugin' with type 'ros.catkin' and name 'realsense_gazebo_plugin'
[0.207s] Level 1:colcon.colcon_core.package_identification:_identify(src/rover_tf) by extensions ['ignore', 'ignore_ament_install']
[0.207s] Level 1:colcon.colcon_core.package_identification:_identify(src/rover_tf) by extension 'ignore'
[0.207s] Level 1:colcon.colcon_core.package_identification:_identify(src/rover_tf) by extension 'ignore_ament_install'
[0.207s] Level 1:colcon.colcon_core.package_identification:_identify(src/rover_tf) by extensions ['colcon_pkg']
[0.207s] Level 1:colcon.colcon_core.package_identification:_identify(src/rover_tf) by extension 'colcon_pkg'
[0.207s] Level 1:colcon.colcon_core.package_identification:_identify(src/rover_tf) by extensions ['colcon_meta']
[0.207s] Level 1:colcon.colcon_core.package_identification:_identify(src/rover_tf) by extension 'colcon_meta'
[0.207s] Level 1:colcon.colcon_core.package_identification:_identify(src/rover_tf) by extensions ['ros']
[0.207s] Level 1:colcon.colcon_core.package_identification:_identify(src/rover_tf) by extension 'ros'
[0.207s] DEBUG:colcon.colcon_core.package_identification:Package 'src/rover_tf' with type 'ros.catkin' and name 'rover_tf'
[0.208s] Level 1:colcon.colcon_core.package_identification:_identify(src/rviz_satellite) by extensions ['ignore', 'ignore_ament_install']
[0.208s] Level 1:colcon.colcon_core.package_identification:_identify(src/rviz_satellite) by extension 'ignore'
[0.208s] Level 1:colcon.colcon_core.package_identification:_identify(src/rviz_satellite) by extension 'ignore_ament_install'
[0.208s] Level 1:colcon.colcon_core.package_identification:_identify(src/rviz_satellite) by extensions ['colcon_pkg']
[0.208s] Level 1:colcon.colcon_core.package_identification:_identify(src/rviz_satellite) by extension 'colcon_pkg'
[0.208s] Level 1:colcon.colcon_core.package_identification:_identify(src/rviz_satellite) by extensions ['colcon_meta']
[0.208s] Level 1:colcon.colcon_core.package_identification:_identify(src/rviz_satellite) by extension 'colcon_meta'
[0.208s] Level 1:colcon.colcon_core.package_identification:_identify(src/rviz_satellite) by extensions ['ros']
[0.208s] Level 1:colcon.colcon_core.package_identification:_identify(src/rviz_satellite) by extension 'ros'
[0.208s] Level 1:colcon.colcon_core.package_identification:_identify(src/rviz_satellite) by extensions ['cmake', 'python']
[0.208s] Level 1:colcon.colcon_core.package_identification:_identify(src/rviz_satellite) by extension 'cmake'
[0.208s] Level 1:colcon.colcon_core.package_identification:_identify(src/rviz_satellite) by extension 'python'
[0.208s] Level 1:colcon.colcon_core.package_identification:_identify(src/rviz_satellite) by extensions ['python_setup_py']
[0.208s] Level 1:colcon.colcon_core.package_identification:_identify(src/rviz_satellite) by extension 'python_setup_py'
[0.208s] Level 1:colcon.colcon_core.package_identification:_identify(src/vision) by extensions ['ignore', 'ignore_ament_install']
[0.208s] Level 1:colcon.colcon_core.package_identification:_identify(src/vision) by extension 'ignore'
[0.208s] Level 1:colcon.colcon_core.package_identification:_identify(src/vision) by extension 'ignore_ament_install'
[0.208s] Level 1:colcon.colcon_core.package_identification:_identify(src/vision) by extensions ['colcon_pkg']
[0.208s] Level 1:colcon.colcon_core.package_identification:_identify(src/vision) by extension 'colcon_pkg'
[0.208s] Level 1:colcon.colcon_core.package_identification:_identify(src/vision) by extensions ['colcon_meta']
[0.208s] Level 1:colcon.colcon_core.package_identification:_identify(src/vision) by extension 'colcon_meta'
[0.208s] Level 1:colcon.colcon_core.package_identification:_identify(src/vision) by extensions ['ros']
[0.208s] Level 1:colcon.colcon_core.package_identification:_identify(src/vision) by extension 'ros'
[0.208s] DEBUG:colcon.colcon_core.package_identification:Package 'src/vision' with type 'ros.catkin' and name 'vision'
[0.208s] Level 1:colcon.colcon_core.package_discovery:discover_packages(recursive) using defaults
[0.208s] Level 1:colcon.colcon_core.package_discovery:discover_packages(ignore) discover
[0.208s] Level 1:colcon.colcon_core.package_discovery:discover_packages(ignore) using defaults
[0.208s] Level 1:colcon.colcon_core.package_discovery:discover_packages(path) discover
[0.208s] Level 1:colcon.colcon_core.package_discovery:discover_packages(path) using defaults
[0.224s] Level 1:colcon.colcon_core.package_discovery:discover_packages(prefix_path) check parameters
[0.224s] Level 1:colcon.colcon_core.package_discovery:discover_packages(prefix_path) discover
[0.227s] DEBUG:colcon.colcon_installed_package_information.package_discovery:Found 8 installed packages in /home/sukhvansh/linorobot2_ws/install
[0.228s] DEBUG:colcon.colcon_installed_package_information.package_discovery:Found 347 installed packages in /opt/ros/humble
[0.228s] Level 1:colcon.colcon_core.package_discovery:discover_packages(prefix_path) using defaults
[0.269s] Level 5:colcon.colcon_core.verb:set package 'arm_teleop' build argument 'cmake_args' from command line to 'None'
[0.269s] Level 5:colcon.colcon_core.verb:set package 'arm_teleop' build argument 'cmake_target' from command line to 'None'
[0.269s] Level 5:colcon.colcon_core.verb:set package 'arm_teleop' build argument 'cmake_target_skip_unavailable' from command line to 'False'
[0.269s] Level 5:colcon.colcon_core.verb:set package 'arm_teleop' build argument 'cmake_clean_cache' from command line to 'False'
[0.269s] Level 5:colcon.colcon_core.verb:set package 'arm_teleop' build argument 'cmake_clean_first' from command line to 'False'
[0.269s] Level 5:colcon.colcon_core.verb:set package 'arm_teleop' build argument 'cmake_force_configure' from command line to 'False'
[0.269s] Level 5:colcon.colcon_core.verb:set package 'arm_teleop' build argument 'ament_cmake_args' from command line to 'None'
[0.269s] Level 5:colcon.colcon_core.verb:set package 'arm_teleop' build argument 'catkin_cmake_args' from command line to 'None'
[0.269s] Level 5:colcon.colcon_core.verb:set package 'arm_teleop' build argument 'catkin_skip_building_tests' from command line to 'False'
[0.269s] DEBUG:colcon.colcon_core.verb:Building package 'arm_teleop' with the following arguments: {'ament_cmake_args': None, 'build_base': '/home/sukhvansh/Desktop/URC/build/arm_teleop', 'catkin_cmake_args': None, 'catkin_skip_building_tests': False, 'cmake_args': None, 'cmake_clean_cache': False, 'cmake_clean_first': False, 'cmake_force_configure': False, 'cmake_target': None, 'cmake_target_skip_unavailable': False, 'install_base': '/home/sukhvansh/Desktop/URC/install/arm_teleop', 'merge_install': False, 'path': '/home/sukhvansh/Desktop/URC/src/arm_teleop', 'symlink_install': False, 'test_result_base': None}
[0.270s] Level 5:colcon.colcon_core.verb:set package 'mars_rover' build argument 'cmake_args' from command line to 'None'
[0.270s] Level 5:colcon.colcon_core.verb:set package 'mars_rover' build argument 'cmake_target' from command line to 'None'
[0.270s] Level 5:colcon.colcon_core.verb:set package 'mars_rover' build argument 'cmake_target_skip_unavailable' from command line to 'False'
[0.270s] Level 5:colcon.colcon_core.verb:set package 'mars_rover' build argument 'cmake_clean_cache' from command line to 'False'
[0.270s] Level 5:colcon.colcon_core.verb:set package 'mars_rover' build argument 'cmake_clean_first' from command line to 'False'
[0.270s] Level 5:colcon.colcon_core.verb:set package 'mars_rover' build argument 'cmake_force_configure' from command line to 'False'
[0.270s] Level 5:colcon.colcon_core.verb:set package 'mars_rover' build argument 'ament_cmake_args' from command line to 'None'
[0.270s] Level 5:colcon.colcon_core.verb:set package 'mars_rover' build argument 'catkin_cmake_args' from command line to 'None'
[0.270s] Level 5:colcon.colcon_core.verb:set package 'mars_rover' build argument 'catkin_skip_building_tests' from command line to 'False'
[0.270s] DEBUG:colcon.colcon_core.verb:Building package 'mars_rover' with the following arguments: {'ament_cmake_args': None, 'build_base': '/home/sukhvansh/Desktop/URC/build/mars_rover', 'catkin_cmake_args': None, 'catkin_skip_building_tests': False, 'cmake_args': None, 'cmake_clean_cache': False, 'cmake_clean_first': False, 'cmake_force_configure': False, 'cmake_target': None, 'cmake_target_skip_unavailable': False, 'install_base': '/home/sukhvansh/Desktop/URC/install/mars_rover', 'merge_install': False, 'path': '/home/sukhvansh/Desktop/URC/src/mars_rover', 'symlink_install': False, 'test_result_base': None}
[0.270s] Level 5:colcon.colcon_core.verb:set package 'realsense_gazebo_plugin' build argument 'cmake_args' from command line to 'None'
[0.270s] Level 5:colcon.colcon_core.verb:set package 'realsense_gazebo_plugin' build argument 'cmake_target' from command line to 'None'
[0.270s] Level 5:colcon.colcon_core.verb:set package 'realsense_gazebo_plugin' build argument 'cmake_target_skip_unavailable' from command line to 'False'
[0.270s] Level 5:colcon.colcon_core.verb:set package 'realsense_gazebo_plugin' build argument 'cmake_clean_cache' from command line to 'False'
[0.270s] Level 5:colcon.colcon_core.verb:set package 'realsense_gazebo_plugin' build argument 'cmake_clean_first' from command line to 'False'
[0.270s] Level 5:colcon.colcon_core.verb:set package 'realsense_gazebo_plugin' build argument 'cmake_force_configure' from command line to 'False'
[0.270s] Level 5:colcon.colcon_core.verb:set package 'realsense_gazebo_plugin' build argument 'ament_cmake_args' from command line to 'None'
[0.270s] Level 5:colcon.colcon_core.verb:set package 'realsense_gazebo_plugin' build argument 'catkin_cmake_args' from command line to 'None'
[0.270s] Level 5:colcon.colcon_core.verb:set package 'realsense_gazebo_plugin' build argument 'catkin_skip_building_tests' from command line to 'False'
[0.270s] DEBUG:colcon.colcon_core.verb:Building package 'realsense_gazebo_plugin' with the following arguments: {'ament_cmake_args': None, 'build_base': '/home/sukhvansh/Desktop/URC/build/realsense_gazebo_plugin', 'catkin_cmake_args': None, 'catkin_skip_building_tests': False, 'cmake_args': None, 'cmake_clean_cache': False, 'cmake_clean_first': False, 'cmake_force_configure': False, 'cmake_target': None, 'cmake_target_skip_unavailable': False, 'install_base': '/home/sukhvansh/Desktop/URC/install/realsense_gazebo_plugin', 'merge_install': False, 'path': '/home/sukhvansh/Desktop/URC/src/realsense_gazebo_plugin', 'symlink_install': False, 'test_result_base': None}
[0.271s] Level 5:colcon.colcon_core.verb:set package 'rover_tf' build argument 'cmake_args' from command line to 'None'
[0.271s] Level 5:colcon.colcon_core.verb:set package 'rover_tf' build argument 'cmake_target' from command line to 'None'
[0.271s] Level 5:colcon.colcon_core.verb:set package 'rover_tf' build argument 'cmake_target_skip_unavailable' from command line to 'False'
[0.271s] Level 5:colcon.colcon_core.verb:set package 'rover_tf' build argument 'cmake_clean_cache' from command line to 'False'
[0.271s] Level 5:colcon.colcon_core.verb:set package 'rover_tf' build argument 'cmake_clean_first' from command line to 'False'
[0.271s] Level 5:colcon.colcon_core.verb:set package 'rover_tf' build argument 'cmake_force_configure' from command line to 'False'
[0.271s] Level 5:colcon.colcon_core.verb:set package 'rover_tf' build argument 'ament_cmake_args' from command line to 'None'
[0.271s] Level 5:colcon.colcon_core.verb:set package 'rover_tf' build argument 'catkin_cmake_args' from command line to 'None'
[0.271s] Level 5:colcon.colcon_core.verb:set package 'rover_tf' build argument 'catkin_skip_building_tests' from command line to 'False'
[0.271s] DEBUG:colcon.colcon_core.verb:Building package 'rover_tf' with the following arguments: {'ament_cmake_args': None, 'build_base': '/home/sukhvansh/Desktop/URC/build/rover_tf', 'catkin_cmake_args': None, 'catkin_skip_building_tests': False, 'cmake_args': None, 'cmake_clean_cache': False, 'cmake_clean_first': False, 'cmake_force_configure': False, 'cmake_target': None, 'cmake_target_skip_unavailable': False, 'install_base': '/home/sukhvansh/Desktop/URC/install/rover_tf', 'merge_install': False, 'path': '/home/sukhvansh/Desktop/URC/src/rover_tf', 'symlink_install': False, 'test_result_base': None}
[0.271s] Level 5:colcon.colcon_core.verb:set package 'vision' build argument 'cmake_args' from command line to 'None'
[0.271s] Level 5:colcon.colcon_core.verb:set package 'vision' build argument 'cmake_target' from command line to 'None'
[0.271s] Level 5:colcon.colcon_core.verb:set package 'vision' build argument 'cmake_target_skip_unavailable' from command line to 'False'
[0.271s] Level 5:colcon.colcon_core.verb:set package 'vision' build argument 'cmake_clean_cache' from command line to 'False'
[0.271s] Level 5:colcon.colcon_core.verb:set package 'vision' build argument 'cmake_clean_first' from command line to 'False'
[0.271s] Level 5:colcon.colcon_core.verb:set package 'vision' build argument 'cmake_force_configure' from command line to 'False'
[0.271s] Level 5:colcon.colcon_core.verb:set package 'vision' build argument 'ament_cmake_args' from command line to 'None'
[0.271s] Level 5:colcon.colcon_core.verb:set package 'vision' build argument 'catkin_cmake_args' from command line to 'None'
[0.271s] Level 5:colcon.colcon_core.verb:set package 'vision' build argument 'catkin_skip_building_tests' from command line to 'False'
[0.271s] DEBUG:colcon.colcon_core.verb:Building package 'vision' with the following arguments: {'ament_cmake_args': None, 'build_base': '/home/sukhvansh/Desktop/URC/build/vision', 'catkin_cmake_args': None, 'catkin_skip_building_tests': False, 'cmake_args': None, 'cmake_clean_cache': False, 'cmake_clean_first': False, 'cmake_force_configure': False, 'cmake_target': None, 'cmake_target_skip_unavailable': False, 'install_base': '/home/sukhvansh/Desktop/URC/install/vision', 'merge_install': False, 'path': '/home/sukhvansh/Desktop/URC/src/vision', 'symlink_install': False, 'test_result_base': None}
[0.272s] INFO:colcon.colcon_core.executor:Executing jobs using 'parallel' executor
[0.273s] DEBUG:colcon.colcon_parallel_executor.executor.parallel:run_until_complete
[0.274s] INFO:colcon.colcon_ros.task.catkin.build:Building ROS package in '/home/sukhvansh/Desktop/URC/src/arm_teleop' with build type 'catkin'
[0.274s] INFO:colcon.colcon_cmake.task.cmake.build:Building CMake package in '/home/sukhvansh/Desktop/URC/src/arm_teleop'
[0.277s] INFO:colcon.colcon_core.plugin_system:Skipping extension 'colcon_core.shell.bat': Not used on non-Windows systems
[0.277s] INFO:colcon.colcon_core.shell:Skip shell extension 'powershell' for command environment: Not usable outside of PowerShell
[0.277s] DEBUG:colcon.colcon_core.shell:Skip shell extension 'dsv' for command environment
[0.280s] INFO:colcon.colcon_ros.task.catkin.build:Building ROS package in '/home/sukhvansh/Desktop/URC/src/mars_rover' with build type 'catkin'
[0.280s] INFO:colcon.colcon_cmake.task.cmake.build:Building CMake package in '/home/sukhvansh/Desktop/URC/src/mars_rover'
[0.281s] INFO:colcon.colcon_core.shell:Skip shell extension 'powershell' for command environment: Not usable outside of PowerShell
[0.281s] DEBUG:colcon.colcon_core.shell:Skip shell extension 'dsv' for command environment
[0.283s] INFO:colcon.colcon_ros.task.catkin.build:Building ROS package in '/home/sukhvansh/Desktop/URC/src/realsense_gazebo_plugin' with build type 'catkin'
[0.283s] INFO:colcon.colcon_cmake.task.cmake.build:Building CMake package in '/home/sukhvansh/Desktop/URC/src/realsense_gazebo_plugin'
[0.284s] INFO:colcon.colcon_core.shell:Skip shell extension 'powershell' for command environment: Not usable outside of PowerShell
[0.284s] DEBUG:colcon.colcon_core.shell:Skip shell extension 'dsv' for command environment
[0.287s] INFO:colcon.colcon_ros.task.catkin.build:Building ROS package in '/home/sukhvansh/Desktop/URC/src/rover_tf' with build type 'catkin'
[0.287s] INFO:colcon.colcon_cmake.task.cmake.build:Building CMake package in '/home/sukhvansh/Desktop/URC/src/rover_tf'
[0.287s] INFO:colcon.colcon_core.shell:Skip shell extension 'powershell' for command environment: Not usable outside of PowerShell
[0.287s] DEBUG:colcon.colcon_core.shell:Skip shell extension 'dsv' for command environment
[0.290s] INFO:colcon.colcon_ros.task.catkin.build:Building ROS package in '/home/sukhvansh/Desktop/URC/src/vision' with build type 'catkin'
[0.290s] INFO:colcon.colcon_cmake.task.cmake.build:Building CMake package in '/home/sukhvansh/Desktop/URC/src/vision'
[0.291s] INFO:colcon.colcon_core.shell:Skip shell extension 'powershell' for command environment: Not usable outside of PowerShell
[0.291s] DEBUG:colcon.colcon_core.shell:Skip shell extension 'dsv' for command environment
[0.297s] DEBUG:colcon.colcon_core.event_handler.log_command:Invoking command in '/home/sukhvansh/Desktop/URC/build/arm_teleop': /usr/bin/cmake /home/sukhvansh/Desktop/URC/src/arm_teleop -DCATKIN_INSTALL_INTO_PREFIX_ROOT=0 -DCMAKE_INSTALL_PREFIX=/home/sukhvansh/Desktop/URC/install/arm_teleop
[0.298s] DEBUG:colcon.colcon_core.event_handler.log_command:Invoking command in '/home/sukhvansh/Desktop/URC/build/mars_rover': /usr/bin/cmake /home/sukhvansh/Desktop/URC/src/mars_rover -DCATKIN_INSTALL_INTO_PREFIX_ROOT=0 -DCMAKE_INSTALL_PREFIX=/home/sukhvansh/Desktop/URC/install/mars_rover
[0.300s] DEBUG:colcon.colcon_core.event_handler.log_command:Invoking command in '/home/sukhvansh/Desktop/URC/build/realsense_gazebo_plugin': /usr/bin/cmake /home/sukhvansh/Desktop/URC/src/realsense_gazebo_plugin -DCATKIN_INSTALL_INTO_PREFIX_ROOT=0 -DCMAKE_INSTALL_PREFIX=/home/sukhvansh/Desktop/URC/install/realsense_gazebo_plugin
[0.301s] DEBUG:colcon.colcon_core.event_handler.log_command:Invoking command in '/home/sukhvansh/Desktop/URC/build/rover_tf': /usr/bin/cmake /home/sukhvansh/Desktop/URC/src/rover_tf -DCATKIN_INSTALL_INTO_PREFIX_ROOT=0 -DCMAKE_INSTALL_PREFIX=/home/sukhvansh/Desktop/URC/install/rover_tf
[0.303s] DEBUG:colcon.colcon_core.event_handler.log_command:Invoking command in '/home/sukhvansh/Desktop/URC/build/vision': /usr/bin/cmake /home/sukhvansh/Desktop/URC/src/vision -DCATKIN_INSTALL_INTO_PREFIX_ROOT=0 -DCMAKE_INSTALL_PREFIX=/home/sukhvansh/Desktop/URC/install/vision
[0.654s] DEBUG:colcon.colcon_core.event_handler.log_command:Invoked command in '/home/sukhvansh/Desktop/URC/build/rover_tf' returned '1': /usr/bin/cmake /home/sukhvansh/Desktop/URC/src/rover_tf -DCATKIN_INSTALL_INTO_PREFIX_ROOT=0 -DCMAKE_INSTALL_PREFIX=/home/sukhvansh/Desktop/URC/install/rover_tf
[0.654s] DEBUG:colcon.colcon_core.event_handler.log_command:Invoked command in '/home/sukhvansh/Desktop/URC/build/mars_rover' returned '1': /usr/bin/cmake /home/sukhvansh/Desktop/URC/src/mars_rover -DCATKIN_INSTALL_INTO_PREFIX_ROOT=0 -DCMAKE_INSTALL_PREFIX=/home/sukhvansh/Desktop/URC/install/mars_rover
[0.654s] DEBUG:colcon.colcon_core.event_handler.log_command:Invoked command in '/home/sukhvansh/Desktop/URC/build/arm_teleop' returned '1': /usr/bin/cmake /home/sukhvansh/Desktop/URC/src/arm_teleop -DCATKIN_INSTALL_INTO_PREFIX_ROOT=0 -DCMAKE_INSTALL_PREFIX=/home/sukhvansh/Desktop/URC/install/arm_teleop
[0.655s] DEBUG:colcon.colcon_core.event_handler.log_command:Invoked command in '/home/sukhvansh/Desktop/URC/build/realsense_gazebo_plugin' returned '1': /usr/bin/cmake /home/sukhvansh/Desktop/URC/src/realsense_gazebo_plugin -DCATKIN_INSTALL_INTO_PREFIX_ROOT=0 -DCMAKE_INSTALL_PREFIX=/home/sukhvansh/Desktop/URC/install/realsense_gazebo_plugin
[0.656s] DEBUG:colcon.colcon_core.event_handler.log_command:Invoked command in '/home/sukhvansh/Desktop/URC/build/vision' returned '1': /usr/bin/cmake /home/sukhvansh/Desktop/URC/src/vision -DCATKIN_INSTALL_INTO_PREFIX_ROOT=0 -DCMAKE_INSTALL_PREFIX=/home/sukhvansh/Desktop/URC/install/vision
[0.658s] Level 1:colcon.colcon_core.environment:create_environment_scripts_only(rover_tf)
[0.663s] Level 1:colcon.colcon_core.environment:checking '/home/sukhvansh/Desktop/URC/install/rover_tf' for CMake module files
[0.663s] Level 1:colcon.colcon_core.environment:checking '/home/sukhvansh/Desktop/URC/install/rover_tf' for CMake config files
[0.663s] Level 1:colcon.colcon_core.environment:checking '/home/sukhvansh/Desktop/URC/install/rover_tf/bin'
[0.663s] Level 1:colcon.colcon_core.environment:checking '/home/sukhvansh/Desktop/URC/install/rover_tf/lib/pkgconfig/rover_tf.pc'
[0.663s] Level 1:colcon.colcon_core.environment:checking '/home/sukhvansh/Desktop/URC/install/rover_tf/lib/python3.10/site-packages'
[0.664s] Level 1:colcon.colcon_core.environment:checking '/home/sukhvansh/Desktop/URC/install/rover_tf/bin'
[0.664s] INFO:colcon.colcon_core.shell:Creating package script '/home/sukhvansh/Desktop/URC/install/rover_tf/share/rover_tf/package.ps1'
[0.665s] INFO:colcon.colcon_core.shell:Creating package descriptor '/home/sukhvansh/Desktop/URC/install/rover_tf/share/rover_tf/package.dsv'
[0.665s] INFO:colcon.colcon_core.shell:Creating package script '/home/sukhvansh/Desktop/URC/install/rover_tf/share/rover_tf/package.sh'
[0.666s] INFO:colcon.colcon_core.shell:Creating package script '/home/sukhvansh/Desktop/URC/install/rover_tf/share/rover_tf/package.bash'
[0.666s] INFO:colcon.colcon_core.shell:Creating package script '/home/sukhvansh/Desktop/URC/install/rover_tf/share/rover_tf/package.zsh'
[0.667s] Level 1:colcon.colcon_core.environment:create_file_with_runtime_dependencies(/home/sukhvansh/Desktop/URC/install/rover_tf/share/colcon-core/packages/rover_tf)
[0.678s] DEBUG:colcon.colcon_parallel_executor.executor.parallel:closing loop
[0.678s] DEBUG:colcon.colcon_parallel_executor.executor.parallel:loop closed
[0.678s] DEBUG:colcon.colcon_parallel_executor.executor.parallel:run_until_complete finished with '1'
[0.678s] DEBUG:colcon.colcon_core.event_reactor:joining thread
[0.682s] INFO:colcon.colcon_core.plugin_system:Skipping extension 'colcon_notification.desktop_notification.terminal_notifier': Not used on non-Darwin systems
[0.683s] INFO:colcon.colcon_core.plugin_system:Skipping extension 'colcon_notification.desktop_notification.win32': Not used on non-Windows systems
[0.683s] INFO:colcon.colcon_notification.desktop_notification:Sending desktop notification using 'notify2'
[0.691s] DEBUG:colcon.colcon_core.event_reactor:joined thread
[0.692s] INFO:colcon.colcon_core.shell:Creating prefix script '/home/sukhvansh/Desktop/URC/install/local_setup.ps1'
[0.693s] INFO:colcon.colcon_core.shell:Creating prefix util module '/home/sukhvansh/Desktop/URC/install/_local_setup_util_ps1.py'
[0.694s] INFO:colcon.colcon_core.shell:Creating prefix chain script '/home/sukhvansh/Desktop/URC/install/setup.ps1'
[0.695s] INFO:colcon.colcon_core.shell:Creating prefix script '/home/sukhvansh/Desktop/URC/install/local_setup.sh'
[0.695s] INFO:colcon.colcon_core.shell:Creating prefix util module '/home/sukhvansh/Desktop/URC/install/_local_setup_util_sh.py'
[0.695s] INFO:colcon.colcon_core.shell:Creating prefix chain script '/home/sukhvansh/Desktop/URC/install/setup.sh'
[0.696s] INFO:colcon.colcon_core.shell:Creating prefix script '/home/sukhvansh/Desktop/URC/install/local_setup.bash'
[0.697s] INFO:colcon.colcon_core.shell:Creating prefix chain script '/home/sukhvansh/Desktop/URC/install/setup.bash'
[0.697s] INFO:colcon.colcon_core.shell:Creating prefix script '/home/sukhvansh/Desktop/URC/install/local_setup.zsh'
[0.698s] INFO:colcon.colcon_core.shell:Creating prefix chain script '/home/sukhvansh/Desktop/URC/install/setup.zsh'
