[0.011s] Invoking command in '/home/sukhvansh/Desktop/URC/build/vision': /usr/bin/cmake /home/sukhvansh/Desktop/URC/src/vision -DCATKIN_INSTALL_INTO_PREFIX_ROOT=0 -DCMAKE_INSTALL_PREFIX=/home/sukhvansh/Desktop/URC/install/vision
[0.141s] -- The C compiler identification is GNU 11.4.0
[0.227s] -- The CXX compiler identification is GNU 11.4.0
[0.235s] -- Detecting C compiler ABI info
[0.282s] -- Detecting C compiler ABI info - done
[0.287s] -- Check for working C compiler: /usr/bin/cc - skipped
[0.287s] -- Detecting C compile features
[0.288s] -- Detecting C compile features - done
[0.290s] -- Detecting CXX compiler ABI info
[0.340s] -- Detecting CXX compiler ABI info - done
[0.346s] -- Check for working CXX compiler: /usr/bin/c++ - skipped
[0.346s] -- Detecting CXX compile features
[0.346s] -- Detecting CXX compile features - done
[0.360s] [31mCMake Error at CMakeLists.txt:10 (find_package):
[0.360s]   By not providing "Findcatkin.cmake" in CMAKE_MODULE_PATH this project has
[0.360s]   asked CMake to find a package configuration file provided by "catkin", but
[0.360s]   CMake did not find one.
[0.360s] 
[0.360s]   Could not find a package configuration file provided by "catkin" with any
[0.360s]   of the following names:
[0.360s] 
[0.360s]     catkinConfig.cmake
[0.360s]     catkin-config.cmake
[0.360s] 
[0.360s]   Add the installation prefix of "catkin" to CMAKE_PREFIX_PATH or set
[0.361s]   "catkin_DIR" to a directory containing one of the above files.  If "catkin"
[0.361s]   provides a separate development package or SDK, be sure it has been
[0.361s]   installed.
[0.361s] 
[0.361s] [0m
[0.362s] -- Configuring incomplete, errors occurred!
[0.362s] See also "/home/sukhvansh/Desktop/URC/build/vision/CMakeFiles/CMakeOutput.log".
[0.365s] Invoked command in '/home/sukhvansh/Desktop/URC/build/vision' returned '1': /usr/bin/cmake /home/sukhvansh/Desktop/URC/src/vision -DCATKIN_INSTALL_INTO_PREFIX_ROOT=0 -DCMAKE_INSTALL_PREFIX=/home/sukhvansh/Desktop/URC/install/vision
