[0.013s] Invoking command in '/home/sukhvansh/Desktop/URC/build/rover_tf': /usr/bin/cmake /home/sukhvansh/Desktop/URC/src/rover_tf -DCATKIN_INSTALL_INTO_PREFIX_ROOT=0 -DCMAKE_INSTALL_PREFIX=/home/sukhvansh/Desktop/URC/install/rover_tf
[0.144s] -- The C compiler identification is GNU 11.4.0
[0.230s] -- The CXX compiler identification is GNU 11.4.0
[0.239s] -- Detecting C compiler ABI info
[0.285s] -- Detecting C compiler ABI info - done
[0.290s] -- Check for working C compiler: /usr/bin/cc - skipped
[0.290s] -- Detecting C compile features
[0.291s] -- Detecting C compile features - done
[0.294s] -- Detecting CXX compiler ABI info
[0.343s] -- Detecting CXX compiler ABI info - done
[0.348s] -- Check for working CXX compiler: /usr/bin/c++ - skipped
[0.349s] -- Detecting CXX compile features
[0.349s] -- Detecting CXX compile features - done
[0.361s] [31mCMake Error at CMakeLists.txt:10 (find_package):
[0.361s]   By not providing "Findcatkin.cmake" in CMAKE_MODULE_PATH this project has
[0.361s]   asked CMake to find a package configuration file provided by "catkin", but
[0.362s]   CMake did not find one.
[0.362s] 
[0.362s]   Could not find a package configuration file provided by "catkin" with any
[0.362s]   of the following names:
[0.362s] 
[0.362s]     catkinConfig.cmake
[0.362s]     catkin-config.cmake
[0.362s] 
[0.362s]   Add the installation prefix of "catkin" to CMAKE_PREFIX_PATH or set
[0.362s]   "catkin_DIR" to a directory containing one of the above files.  If "catkin"
[0.362s]   provides a separate development package or SDK, be sure it has been
[0.362s]   installed.
[0.362s] 
[0.362s] [0m
[0.366s] -- Configuring incomplete, errors occurred!
[0.366s] See also "/home/sukhvansh/Desktop/URC/build/rover_tf/CMakeFiles/CMakeOutput.log".
[0.366s] Invoked command in '/home/sukhvansh/Desktop/URC/build/rover_tf' returned '1': /usr/bin/cmake /home/sukhvansh/Desktop/URC/src/rover_tf -DCATKIN_INSTALL_INTO_PREFIX_ROOT=0 -DCMAKE_INSTALL_PREFIX=/home/sukhvansh/Desktop/URC/install/rover_tf
